[
  {
    "level": "INFO",
    "message": "android.ndkVersion from module build.gradle is not set"
  },
  {
    "level": "INFO",
    "message": "ndk.dir in local.properties is C:\\Users\\Alvin\\AppData\\Local\\Android\\Sdk\\ndk\\21.0.6113669"
  },
  {
    "level": "INFO",
    "message": "ANDROID_NDK_HOME environment variable is not set"
  },
  {
    "level": "INFO",
    "message": "sdkFolder is C:\\Users\\Alvin\\AppData\\Local\\Android\\Sdk"
  },
  {
    "level": "INFO",
    "message": "Considering C:\\Users\\Alvin\\AppData\\Local\\Android\\Sdk\\ndk\\21.0.6113669 by ndk.dir"
  },
  {
    "level": "INFO",
    "message": "Considering C:\\Users\\Alvin\\AppData\\Local\\Android\\Sdk\\ndk-bundle in SDK ndk-bundle folder"
  },
  {
    "level": "INFO",
    "message": "Considering C:\\Users\\Alvin\\AppData\\Local\\Android\\Sdk\\ndk\\21.0.6113669 in SDK ndk folder"
  },
  {
    "level": "INFO",
    "message": "Considering C:\\Users\\Alvin\\AppData\\Local\\Android\\Sdk\\ndk\\android-ndk-r10e in SDK ndk folder"
  },
  {
    "level": "INFO",
    "message": "Rejected C:\\Users\\Alvin\\AppData\\Local\\Android\\Sdk\\ndk-bundle in SDK ndk-bundle folder because that location has no source.properties"
  },
  {
    "level": "INFO",
    "message": "Rejected C:\\Users\\Alvin\\AppData\\Local\\Android\\Sdk\\ndk\\android-ndk-r10e in SDK ndk folder because it contains an unsupported (pre-r11) NDK"
  },
  {
    "level": "INFO",
    "message": "Found requested ndk.dir (C:\\Users\\Alvin\\AppData\\Local\\Android\\Sdk\\ndk\\21.0.6113669) which has version 21.0.6113669"
  }
]