[
  {
    "level": "INFO",
    "message": "android.ndkVersion from module build.gradle is 21.0.6113669"
  },
  {
    "level": "INFO",
    "message": "ndk.dir in local.properties is C:\\Users\\Alvin\\AppData\\Local\\Android\\Sdk\\ndk\\android-ndk-r19c"
  },
  {
    "level": "INFO",
    "message": "ANDROID_NDK_HOME environment variable is not set"
  },
  {
    "level": "INFO",
    "message": "sdkFolder is C:\\Users\\Alvin\\AppData\\Local\\Android\\Sdk"
  },
  {
    "level": "INFO",
    "message": "Considering C:\\Users\\Alvin\\AppData\\Local\\Android\\Sdk\\ndk\\android-ndk-r19c by ndk.dir"
  },
  {
    "level": "INFO",
    "message": "Considering C:\\Users\\Alvin\\AppData\\Local\\Android\\Sdk\\ndk-bundle in SDK ndk-bundle folder"
  },
  {
    "level": "INFO",
    "message": "Considering C:\\Users\\Alvin\\AppData\\Local\\Android\\Sdk\\ndk\\19.2.5345600 in SDK ndk folder"
  },
  {
    "level": "INFO",
    "message": "Considering C:\\Users\\Alvin\\AppData\\Local\\Android\\Sdk\\ndk\\21.0.6113669 in SDK ndk folder"
  },
  {
    "level": "INFO",
    "message": "Rejected C:\\Users\\Alvin\\AppData\\Local\\Android\\Sdk\\ndk\\android-ndk-r19c by ndk.dir because that location has no source.properties"
  },
  {
    "level": "INFO",
    "message": "Rejected C:\\Users\\Alvin\\AppData\\Local\\Android\\Sdk\\ndk-bundle in SDK ndk-bundle folder because that location has no source.properties"
  },
  {
    "level": "ERROR",
    "message": "Location specified by ndk.dir (C:\\Users\\Alvin\\AppData\\Local\\Android\\Sdk\\ndk\\android-ndk-r19c) did not contain a valid NDK and so couldn\u0027t satisfy the required NDK version 21.0.6113669"
  }
]